2018-09-17 13:39:14 [scrapy.utils.log] INFO: Scrapy 1.5.0 started (bot: scrapy_app)
2018-09-17 13:39:14 [scrapy.utils.log] INFO: Versions: lxml 4.2.1.0, libxml2 2.9.8, cssselect 1.0.3, parsel 1.4.0, w3lib 1.19.0, Twisted 18.4.0, Python 3.5.2 (default, Nov 23 2017, 16:37:01) - [GCC 5.4.0 20160609], pyOpenSSL 17.5.0 (OpenSSL 1.1.0h  27 Mar 2018), cryptography 2.2.2, Platform Linux-4.4.127-mainline-rev1-x86_64-with-Ubuntu-16.04-xenial
2018-09-17 13:39:14 [scrapy.crawler] INFO: Overridden settings: {'LOG_FILE': './log', 'RETRY_HTTP_CODES': [500, 503, 504, 400, 403, 404, 408], 'RETRY_TIMES': 10, 'NEWSPIDER_MODULE': 'scrapy_app.spiders', 'ROBOTSTXT_OBEY': True, 'DOWNLOAD_DELAY': 3, 'SPIDER_MODULES': ['scrapy_app.spiders'], 'BOT_NAME': 'scrapy_app'}
2018-09-17 13:39:15 [scrapy.middleware] INFO: Enabled extensions:
['scrapy.extensions.logstats.LogStats',
 'scrapy.extensions.corestats.CoreStats',
 'scrapy.extensions.telnet.TelnetConsole',
 'scrapy.extensions.memusage.MemoryUsage']
2018-09-17 13:39:15 [twisted] CRITICAL: Unhandled error in Deferred:
2018-09-17 13:39:15 [twisted] CRITICAL: 
Traceback (most recent call last):
  File "/root/venv_co_email/lib/python3.5/site-packages/scrapy/utils/misc.py", line 47, in load_object
    obj = getattr(mod, name)
AttributeError: module 'scrapy_app.middlewares' has no attribute 'HunterDownloaderMiddleware'

During handling of the above exception, another exception occurred:

Traceback (most recent call last):
  File "/root/venv_co_email/lib/python3.5/site-packages/twisted/internet/defer.py", line 1386, in _inlineCallbacks
    result = g.send(result)
  File "/root/venv_co_email/lib/python3.5/site-packages/scrapy/crawler.py", line 80, in crawl
    self.engine = self._create_engine()
  File "/root/venv_co_email/lib/python3.5/site-packages/scrapy/crawler.py", line 105, in _create_engine
    return ExecutionEngine(self, lambda _: self.stop())
  File "/root/venv_co_email/lib/python3.5/site-packages/scrapy/core/engine.py", line 69, in __init__
    self.downloader = downloader_cls(crawler)
  File "/root/venv_co_email/lib/python3.5/site-packages/scrapy/core/downloader/__init__.py", line 88, in __init__
    self.middleware = DownloaderMiddlewareManager.from_crawler(crawler)
  File "/root/venv_co_email/lib/python3.5/site-packages/scrapy/middleware.py", line 58, in from_crawler
    return cls.from_settings(crawler.settings, crawler)
  File "/root/venv_co_email/lib/python3.5/site-packages/scrapy/middleware.py", line 34, in from_settings
    mwcls = load_object(clspath)
  File "/root/venv_co_email/lib/python3.5/site-packages/scrapy/utils/misc.py", line 49, in load_object
    raise NameError("Module '%s' doesn't define any object named '%s'" % (module, name))
NameError: Module 'scrapy_app.middlewares' doesn't define any object named 'HunterDownloaderMiddleware'
